audit(0.929:1): initialized
audit(1483710564.839:2): policy loaded auid=4294967295 ses=4294967295
audit(1483710567.309:3): avc:  denied  { getattr } for  pid=549 comm="e2fsck" path="/cache" dev="sda20" ino=2 scontext=u:r:fsck:s0 tcontext=u:object_r:cache_file:s0 tclass=dir permissive=0
audit(1483710567.309:4): avc:  denied  { getattr } for  pid=549 comm="e2fsck" path="/cache" dev="sda20" ino=2 scontext=u:r:fsck:s0 tcontext=u:object_r:cache_file:s0 tclass=dir permissive=0
audit(1483710567.359:5): avc:  denied  { setattr } for  pid=525 comm="init" name="/" dev="sdd7" ino=2 scontext=u:r:vendor_init:s0 tcontext=u:object_r:adsprpcd_file:s0 tclass=dir permissive=0
audit(1483710567.689:6): avc:  denied  { search } for  pid=595 comm="android.hardwar" name="clients" dev="debugfs" ino=9345 scontext=u:r:hal_keymaster_default:s0 tcontext=u:object_r:sec_debugfs:s0 tclass=dir permissive=0
audit(1483710567.799:7): avc:  denied  { search } for  pid=595 comm="android.hardwar" name="clients" dev="debugfs" ino=9345 scontext=u:r:hal_keymaster_default:s0 tcontext=u:object_r:sec_debugfs:s0 tclass=dir permissive=0
audit(1483710567.899:8): avc:  denied  { setattr } for  pid=525 comm="init" name="bluetooth" dev="tmpfs" ino=21724 scontext=u:r:vendor_init:s0 tcontext=u:object_r:bluetooth_data_file:s0 tclass=dir permissive=0
audit(1483710567.909:9): avc:  denied  { setattr } for  pid=525 comm="init" name="system" dev="tmpfs" ino=20632 scontext=u:r:vendor_init:s0 tcontext=u:object_r:system_data_file:s0 tclass=dir permissive=0
audit(1483710567.909:10): avc:  denied  { write } for  pid=525 comm="init" name="/" dev="tmpfs" ino=19386 scontext=u:r:vendor_init:s0 tcontext=u:object_r:system_data_file:s0 tclass=dir permissive=0
audit(1483710567.909:11): avc:  denied  { write } for  pid=525 comm="init" name="/" dev="tmpfs" ino=19386 scontext=u:r:vendor_init:s0 tcontext=u:object_r:system_data_file:s0 tclass=dir permissive=0
audit(1483710567.919:12): avc:  denied  { setattr } for  pid=525 comm="init" name="tombstones" dev="tmpfs" ino=17775 scontext=u:r:vendor_init:s0 tcontext=u:object_r:tombstone_data_file:s0 tclass=dir permissive=0
audit(1483710567.919:13): avc:  denied  { search } for  pid=525 comm="init" name="tombstones" dev="tmpfs" ino=17775 scontext=u:r:vendor_init:s0 tcontext=u:object_r:tombstone_data_file:s0 tclass=dir permissive=0
audit(1483710567.919:14): avc:  denied  { search } for  pid=525 comm="init" name="tombstones" dev="tmpfs" ino=17775 scontext=u:r:vendor_init:s0 tcontext=u:object_r:tombstone_data_file:s0 tclass=dir permissive=0
audit(1483710567.919:15): avc:  denied  { search } for  pid=525 comm="init" name="tombstones" dev="tmpfs" ino=17775 scontext=u:r:vendor_init:s0 tcontext=u:object_r:tombstone_data_file:s0 tclass=dir permissive=0
audit(1483710567.919:16): avc:  denied  { search } for  pid=525 comm="init" name="tombstones" dev="tmpfs" ino=17775 scontext=u:r:vendor_init:s0 tcontext=u:object_r:tombstone_data_file:s0 tclass=dir permissive=0
audit(1483710567.919:17): avc:  denied  { write } for  pid=525 comm="init" name="misc" dev="tmpfs" ino=21718 scontext=u:r:vendor_init:s0 tcontext=u:object_r:system_data_file:s0 tclass=dir permissive=0
audit(1483710567.919:18): avc:  denied  { write } for  pid=525 comm="init" name="/" dev="tmpfs" ino=19386 scontext=u:r:vendor_init:s0 tcontext=u:object_r:system_data_file:s0 tclass=dir permissive=0
audit(1483710568.279:19): avc:  denied  { read } for  pid=685 comm="rmt_storage" name="name" dev="sysfs" ino=36371 scontext=u:r:rmt_storage:s0 tcontext=u:object_r:sysfs_data:s0 tclass=file permissive=0
audit(1483710568.349:20): avc:  denied  { dac_override } for  pid=725 comm="mkdir" capability=1  scontext=u:r:qti_init_shell:s0 tcontext=u:r:qti_init_shell:s0 tclass=capability permissive=0
audit(1483710568.419:21): avc:  denied  { read write } for  pid=742 comm="sensors.qti" name="diag" dev="tmpfs" ino=2083 scontext=u:r:sensors:s0 tcontext=u:object_r:diag_device:s0 tclass=chr_file permissive=0
audit(1483710568.509:22): avc:  denied  { search } for  pid=773 comm="insthk" name="clients" dev="debugfs" ino=9345 scontext=u:r:insthk:s0 tcontext=u:object_r:sec_debugfs:s0 tclass=dir permissive=0
audit(1483710568.529:23): avc:  denied  { read } for  pid=804 comm="ueventd" name="sdd16" dev="tmpfs" ino=787 scontext=u:r:ueventd:s0 tcontext=u:object_r:mba_debug_dev:s0 tclass=blk_file permissive=0
audit(1483710569.019:24): avc:  denied  { search } for  pid=773 comm="insthk" name="clients" dev="debugfs" ino=9345 scontext=u:r:insthk:s0 tcontext=u:object_r:sec_debugfs:s0 tclass=dir permissive=0
audit(1483710569.709:25): avc:  denied  { setattr } for  pid=525 comm="init" name="bluetooth" dev="dm-1" ino=524295 scontext=u:r:vendor_init:s0 tcontext=u:object_r:bluetooth_data_file:s0 tclass=dir permissive=0
audit(1483710569.719:26): avc:  denied  { setattr } for  pid=525 comm="init" name="system" dev="dm-1" ino=917506 scontext=u:r:vendor_init:s0 tcontext=u:object_r:system_data_file:s0 tclass=dir permissive=0
audit(1483710569.719:27): avc:  denied  { write } for  pid=525 comm="init" name="/" dev="dm-1" ino=2 scontext=u:r:vendor_init:s0 tcontext=u:object_r:system_data_file:s0 tclass=dir permissive=0
audit(1483710569.719:28): avc:  denied  { setattr } for  pid=525 comm="init" name="fota" dev="dm-1" ino=1507331 scontext=u:r:vendor_init:s0 tcontext=u:object_r:fota_data_file:s0 tclass=dir permissive=0
audit(1483710569.729:29): avc:  denied  { setattr } for  pid=525 comm="init" name="fota" dev="dm-1" ino=1507331 scontext=u:r:vendor_init:s0 tcontext=u:object_r:fota_data_file:s0 tclass=dir permissive=0
audit(1483710569.739:30): avc:  denied  { setattr } for  pid=525 comm="init" name="tombstones" dev="dm-1" ino=1507329 scontext=u:r:vendor_init:s0 tcontext=u:object_r:tombstone_data_file:s0 tclass=dir permissive=0
audit(1483710569.739:31): avc:  denied  { search } for  pid=525 comm="init" name="tombstones" dev="dm-1" ino=1507329 scontext=u:r:vendor_init:s0 tcontext=u:object_r:tombstone_data_file:s0 tclass=dir permissive=0
audit(1483710569.739:32): avc:  denied  { search } for  pid=525 comm="init" name="tombstones" dev="dm-1" ino=1507329 scontext=u:r:vendor_init:s0 tcontext=u:object_r:tombstone_data_file:s0 tclass=dir permissive=0
audit(1483710569.739:33): avc:  denied  { search } for  pid=525 comm="init" name="tombstones" dev="dm-1" ino=1507329 scontext=u:r:vendor_init:s0 tcontext=u:object_r:tombstone_data_file:s0 tclass=dir permissive=0
audit(1483710569.739:34): avc:  denied  { search } for  pid=525 comm="init" name="tombstones" dev="dm-1" ino=1507329 scontext=u:r:vendor_init:s0 tcontext=u:object_r:tombstone_data_file:s0 tclass=dir permissive=0
audit(1483710569.739:35): avc:  denied  { write } for  pid=525 comm="init" name="misc" dev="dm-1" ino=524289 scontext=u:r:vendor_init:s0 tcontext=u:object_r:system_data_file:s0 tclass=dir permissive=0
audit(1483710569.749:36): avc:  denied  { write } for  pid=525 comm="init" name="/" dev="dm-1" ino=2 scontext=u:r:vendor_init:s0 tcontext=u:object_r:system_data_file:s0 tclass=dir permissive=0
audit(1642389668.484:37): avc:  denied  { read write } for  pid=654 comm="audio@2.0-servi" name="diag" dev="tmpfs" ino=2083 scontext=u:r:hal_audio_default:s0 tcontext=u:object_r:diag_device:s0 tclass=chr_file permissive=0
audit(1642389669.034:38): avc:  denied  { read write } for  pid=1236 comm="ipacm-diag" name="diag" dev="tmpfs" ino=2083 scontext=u:r:ipacm-diag:s0 tcontext=u:object_r:diag_device:s0 tclass=chr_file permissive=0
audit(1642389675.714:39): avc:  denied  { execute } for  pid=1519 comm="system_server" path="/data/dalvik-cache/arm64/system@app@SLocation@SLocation.apk@classes.dex" dev="dm-1" ino=722012 scontext=u:r:system_server:s0 tcontext=u:object_r:dalvikcache_data_file:s0 tclass=file permissive=0
audit(1642389675.714:40): avc:  denied  { execute } for  pid=1519 comm="system_server" path="/data/dalvik-cache/arm64/system@app@SLocation@SLocation.apk@classes.dex" dev="dm-1" ino=722012 scontext=u:r:system_server:s0 tcontext=u:object_r:dalvikcache_data_file:s0 tclass=file permissive=0
audit(1642389675.714:41): avc:  denied  { write } for  pid=1519 comm="system_server" name="system@app@SLocation@SLocation.apk@classes.vdex" dev="dm-1" ino=722014 scontext=u:r:system_server:s0 tcontext=u:object_r:dalvikcache_data_file:s0 tclass=file permissive=0
audit(1642389677.144:42): avc:  denied  { search } for  pid=984 comm="sdp_cryptod" name="clients" dev="debugfs" ino=9345 scontext=u:r:sdp_cryptod:s0 tcontext=u:object_r:sec_debugfs:s0 tclass=dir permissive=0
audit(1642389677.184:43): avc:  denied  { search } for  pid=984 comm="sdp_cryptod" name="clients" dev="debugfs" ino=9345 scontext=u:r:sdp_cryptod:s0 tcontext=u:object_r:sec_debugfs:s0 tclass=dir permissive=0
audit(1642389677.534:44): avc:  denied  { write } for  pid=2178 comm="webview_zygote" path="socket:[2674]" dev="sockfs" ino=2674 scontext=u:r:webview_zygote:s0 tcontext=u:r:zygote:s0 tclass=unix_dgram_socket permissive=0
audit(1642389677.534:45): avc:  denied  { write } for  pid=2178 comm="webview_zygote" path="socket:[2674]" dev="sockfs" ino=2674 scontext=u:r:webview_zygote:s0 tcontext=u:r:zygote:s0 tclass=unix_dgram_socket permissive=0
audit(1642389677.844:46): avc:  denied  { read } for  pid=1119 comm="lowi-server" name="u:object_r:wifi_prop:s0" dev="tmpfs" ino=19168 scontext=u:r:location:s0 tcontext=u:object_r:wifi_prop:s0 tclass=file permissive=0
audit(1642389678.544:47): avc:  denied  { write } for  pid=2178 comm="webview_zygote" path="socket:[2674]" dev="sockfs" ino=2674 scontext=u:r:webview_zygote:s0 tcontext=u:r:zygote:s0 tclass=unix_dgram_socket permissive=0
audit(1642389678.614:48): avc:  denied  { write } for  pid=2178 comm="webview_zygote" path="socket:[2674]" dev="sockfs" ino=2674 scontext=u:r:webview_zygote:s0 tcontext=u:r:zygote:s0 tclass=unix_dgram_socket permissive=0
audit(1642389681.534:49): avc:  denied  { setattr } for  pid=3169 comm="chown" name="level" dev="sysfs" ino=29337 scontext=u:r:qti_init_shell:s0 tcontext=u:object_r:sysfs_input_booster:s0 tclass=file permissive=0
audit(1642389681.544:50): avc:  denied  { setattr } for  pid=3171 comm="chown" name="head" dev="sysfs" ino=29335 scontext=u:r:qti_init_shell:s0 tcontext=u:object_r:sysfs_input_booster:s0 tclass=file permissive=0
audit(1642389681.554:51): avc:  denied  { setattr } for  pid=3172 comm="chown" name="tail" dev="sysfs" ino=29336 scontext=u:r:qti_init_shell:s0 tcontext=u:object_r:sysfs_input_booster:s0 tclass=file permissive=0
audit(1642389681.564:52): avc:  denied  { setattr } for  pid=3173 comm="chown" name="level" dev="sysfs" ino=29391 scontext=u:r:qti_init_shell:s0 tcontext=u:object_r:sysfs_input_booster:s0 tclass=file permissive=0
audit(1642389681.574:53): avc:  denied  { setattr } for  pid=3177 comm="chown" name="freq" dev="sysfs" ino=29392 scontext=u:r:qti_init_shell:s0 tcontext=u:object_r:sysfs_input_booster:s0 tclass=file permissive=0
audit(1642389681.584:54): avc:  denied  { setattr } for  pid=3179 comm="chown" name="time" dev="sysfs" ino=29393 scontext=u:r:qti_init_shell:s0 tcontext=u:object_r:sysfs_input_booster:s0 tclass=file permissive=0
audit(1642389681.604:55): avc:  denied  { setattr } for  pid=3184 comm="chmod" name="level" dev="sysfs" ino=29337 scontext=u:r:qti_init_shell:s0 tcontext=u:object_r:sysfs_input_booster:s0 tclass=file permissive=0
audit(1642389681.624:56): avc:  denied  { setattr } for  pid=3196 comm="chmod" name="head" dev="sysfs" ino=29335 scontext=u:r:qti_init_shell:s0 tcontext=u:object_r:sysfs_input_booster:s0 tclass=file permissive=0
audit(1642389681.634:57): avc:  denied  { setattr } for  pid=3204 comm="chmod" name="tail" dev="sysfs" ino=29336 scontext=u:r:qti_init_shell:s0 tcontext=u:object_r:sysfs_input_booster:s0 tclass=file permissive=0
audit(1642389681.654:58): avc:  denied  { setattr } for  pid=3218 comm="chmod" name="level" dev="sysfs" ino=29391 scontext=u:r:qti_init_shell:s0 tcontext=u:object_r:sysfs_input_booster:s0 tclass=file permissive=0
audit(1642389681.664:59): avc:  denied  { setattr } for  pid=3228 comm="chmod" name="freq" dev="sysfs" ino=29392 scontext=u:r:qti_init_shell:s0 tcontext=u:object_r:sysfs_input_booster:s0 tclass=file permissive=0
audit(1642389681.684:60): avc:  denied  { setattr } for  pid=3238 comm="chmod" name="time" dev="sysfs" ino=29393 scontext=u:r:qti_init_shell:s0 tcontext=u:object_r:sysfs_input_booster:s0 tclass=file permissive=0
audit(1642389681.984:61): avc:  denied  { dac_override } for  pid=674 comm="perf@1.0-servic" capability=1  scontext=u:r:hal_perf_default:s0 tcontext=u:r:hal_perf_default:s0 tclass=capability permissive=0
audit(1642389681.984:62): avc:  denied  { dac_read_search } for  pid=674 comm="perf@1.0-servic" capability=2  scontext=u:r:hal_perf_default:s0 tcontext=u:r:hal_perf_default:s0 tclass=capability permissive=0
audit(1642389682.114:63): avc:  denied  { dac_override } for  pid=674 comm="perf@1.0-servic" capability=1  scontext=u:r:hal_perf_default:s0 tcontext=u:r:hal_perf_default:s0 tclass=capability permissive=0
audit(1642389682.114:64): avc:  denied  { dac_read_search } for  pid=674 comm="perf@1.0-servic" capability=2  scontext=u:r:hal_perf_default:s0 tcontext=u:r:hal_perf_default:s0 tclass=capability permissive=0
audit(1642389682.114:65): avc:  denied  { dac_override } for  pid=674 comm="perf@1.0-servic" capability=1  scontext=u:r:hal_perf_default:s0 tcontext=u:r:hal_perf_default:s0 tclass=capability permissive=0
audit(1642389682.114:66): avc:  denied  { dac_read_search } for  pid=674 comm="perf@1.0-servic" capability=2  scontext=u:r:hal_perf_default:s0 tcontext=u:r:hal_perf_default:s0 tclass=capability permissive=0
audit(1642389682.184:67): avc:  denied  { write } for  pid=3365 comm="oid.sm.provider" name="com.samsung.android.lool-FwniMpsJDEWnVZOv45mRMg==" dev="dm-1" ino=328190 scontext=u:r:system_app:s0 tcontext=u:object_r:apk_data_file:s0 tclass=dir permissive=0
audit(1642389682.184:68): avc:  denied  { write } for  pid=3365 comm="oid.sm.provider" name="com.samsung.android.lool-FwniMpsJDEWnVZOv45mRMg==" dev="dm-1" ino=328190 scontext=u:r:system_app:s0 tcontext=u:object_r:apk_data_file:s0 tclass=dir permissive=0
audit(1642389682.624:69): avc:  denied  { write } for  pid=3511 comm="ng.android.lool" name="com.samsung.android.lool-FwniMpsJDEWnVZOv45mRMg==" dev="dm-1" ino=328190 scontext=u:r:system_app:s0 tcontext=u:object_r:apk_data_file:s0 tclass=dir permissive=0
audit(1642389682.624:70): avc:  denied  { write } for  pid=3511 comm="ng.android.lool" name="com.samsung.android.lool-FwniMpsJDEWnVZOv45mRMg==" dev="dm-1" ino=328190 scontext=u:r:system_app:s0 tcontext=u:object_r:apk_data_file:s0 tclass=dir permissive=0
audit(1642389683.944:71): avc:  denied  { execute } for  pid=1519 comm="system_server" path="/data/dalvik-cache/arm64/system@priv-app@com.qualcomm.location@com.qualcomm.location.apk@classes.dex" dev="dm-1" ino=721685 scontext=u:r:system_server:s0 tcontext=u:object_r:dalvikcache_data_file:s0 tclass=file permissive=0
audit(1642389684.014:72): avc:  denied  { execute } for  pid=1519 comm="system_server" path="/data/dalvik-cache/arm64/system@priv-app@com.qualcomm.location@com.qualcomm.location.apk@classes.dex" dev="dm-1" ino=721685 scontext=u:r:system_server:s0 tcontext=u:object_r:dalvikcache_data_file:s0 tclass=file permissive=0
audit(1642389684.024:73): avc:  denied  { write } for  pid=1519 comm="system_server" name="system@priv-app@com.qualcomm.location@com.qualcomm.location.apk@classes.vdex" dev="dm-1" ino=722114 scontext=u:r:system_server:s0 tcontext=u:object_r:dalvikcache_data_file:s0 tclass=file permissive=0
audit(1642389695.164:74): avc:  denied  { read } for  pid=6027 comm="facebook.katana" name="zoneinfo" dev="proc" ino=4026532146 scontext=u:r:untrusted_app:s0:c145,c256,c512,c768 tcontext=u:object_r:proc_zoneinfo:s0 tclass=file permissive=0
audit(1642389695.794:75): avc:  denied  { read } for  pid=6027 comm="AppInit3" name="file-nr" dev="proc" ino=57052 scontext=u:r:untrusted_app:s0:c145,c256,c512,c768 tcontext=u:object_r:proc:s0 tclass=file permissive=0
audit(1642389695.794:76): avc:  denied  { read } for  pid=6027 comm="AppInit3" name="zoneinfo" dev="proc" ino=4026532146 scontext=u:r:untrusted_app:s0:c145,c256,c512,c768 tcontext=u:object_r:proc_zoneinfo:s0 tclass=file permissive=0
audit(1642389696.294:77): avc:  denied  { read } for  pid=6027 comm="AppInit3" name="zoneinfo" dev="proc" ino=4026532146 scontext=u:r:untrusted_app:s0:c145,c256,c512,c768 tcontext=u:object_r:proc_zoneinfo:s0 tclass=file permissive=0
audit(1642389697.294:78): avc:  denied  { read } for  pid=6027 comm="AppInit3" name="zoneinfo" dev="proc" ino=4026532146 scontext=u:r:untrusted_app:s0:c145,c256,c512,c768 tcontext=u:object_r:proc_zoneinfo:s0 tclass=file permissive=0
audit(1642389698.294:79): avc:  denied  { read } for  pid=6027 comm="AppInit3" name="zoneinfo" dev="proc" ino=4026532146 scontext=u:r:untrusted_app:s0:c145,c256,c512,c768 tcontext=u:object_r:proc_zoneinfo:s0 tclass=file permissive=0
audit(1642389699.294:80): avc:  denied  { read } for  pid=6027 comm="AppInit3" name="zoneinfo" dev="proc" ino=4026532146 scontext=u:r:untrusted_app:s0:c145,c256,c512,c768 tcontext=u:object_r:proc_zoneinfo:s0 tclass=file permissive=0
audit(1642389700.294:81): avc:  denied  { read } for  pid=6027 comm="AppInit3" name="zoneinfo" dev="proc" ino=4026532146 scontext=u:r:untrusted_app:s0:c145,c256,c512,c768 tcontext=u:object_r:proc_zoneinfo:s0 tclass=file permissive=0
audit(1642389700.794:82): avc:  denied  { read } for  pid=6027 comm="CombinedTP2" name="stats" dev="proc" ino=4026532783 scontext=u:r:untrusted_app:s0:c145,c256,c512,c768 tcontext=u:object_r:proc_qtaguid_stat:s0 tclass=file permissive=0
audit(1642389701.294:83): avc:  denied  { read } for  pid=6027 comm="AppInit3" name="zoneinfo" dev="proc" ino=4026532146 scontext=u:r:untrusted_app:s0:c145,c256,c512,c768 tcontext=u:object_r:proc_zoneinfo:s0 tclass=file permissive=0
audit(1642389702.294:84): avc:  denied  { read } for  pid=6027 comm="AppInit3" name="zoneinfo" dev="proc" ino=4026532146 scontext=u:r:untrusted_app:s0:c145,c256,c512,c768 tcontext=u:object_r:proc_zoneinfo:s0 tclass=file permissive=0
audit(1642389703.304:85): avc:  denied  { read } for  pid=6027 comm="AppInit3" name="zoneinfo" dev="proc" ino=4026532146 scontext=u:r:untrusted_app:s0:c145,c256,c512,c768 tcontext=u:object_r:proc_zoneinfo:s0 tclass=file permissive=0
audit(1642389704.304:86): avc:  denied  { read } for  pid=6027 comm="AppInit3" name="zoneinfo" dev="proc" ino=4026532146 scontext=u:r:untrusted_app:s0:c145,c256,c512,c768 tcontext=u:object_r:proc_zoneinfo:s0 tclass=file permissive=0
audit(1642389705.304:87): avc:  denied  { read } for  pid=6027 comm="AppInit3" name="zoneinfo" dev="proc" ino=4026532146 scontext=u:r:untrusted_app:s0:c145,c256,c512,c768 tcontext=u:object_r:proc_zoneinfo:s0 tclass=file permissive=0
audit(1642389706.794:88): avc:  denied  { read } for  pid=7642 comm="ana:fwkstartlog" name="zoneinfo" dev="proc" ino=4026532146 scontext=u:r:untrusted_app:s0:c145,c256,c512,c768 tcontext=u:object_r:proc_zoneinfo:s0 tclass=file permissive=0
avc:  denied  { find } for service=urspservice pid=8843 uid=10199 scontext=u:r:qtelephony:s0:c199,c256,c512,c768 tcontext=u:object_r:ursp_service:s0 tclass=service_manager permissive=0
audit(1642389724.834:89): avc:  denied  { write } for  pid=9821 comm="oid.sm.provider" name="com.samsung.android.lool-FwniMpsJDEWnVZOv45mRMg==" dev="dm-1" ino=328190 scontext=u:r:system_app:s0 tcontext=u:object_r:apk_data_file:s0 tclass=dir permissive=0
audit(1642389724.834:90): avc:  denied  { write } for  pid=9821 comm="oid.sm.provider" name="com.samsung.android.lool-FwniMpsJDEWnVZOv45mRMg==" dev="dm-1" ino=328190 scontext=u:r:system_app:s0 tcontext=u:object_r:apk_data_file:s0 tclass=dir permissive=0
audit(1642389743.094:91): avc:  denied  { read } for  pid=11359 comm="facebook.katana" name="zoneinfo" dev="proc" ino=4026532146 scontext=u:r:untrusted_app:s0:c145,c256,c512,c768 tcontext=u:object_r:proc_zoneinfo:s0 tclass=file permissive=0
audit(1642389743.714:92): avc:  denied  { read } for  pid=11359 comm="AppInit6" name="file-nr" dev="proc" ino=107009 scontext=u:r:untrusted_app:s0:c145,c256,c512,c768 tcontext=u:object_r:proc:s0 tclass=file permissive=0
audit(1642389743.714:93): avc:  denied  { read } for  pid=11359 comm="AppInit6" name="zoneinfo" dev="proc" ino=4026532146 scontext=u:r:untrusted_app:s0:c145,c256,c512,c768 tcontext=u:object_r:proc_zoneinfo:s0 tclass=file permissive=0
audit(1642389744.244:94): avc:  denied  { read } for  pid=11359 comm="AppInit6" name="zoneinfo" dev="proc" ino=4026532146 scontext=u:r:untrusted_app:s0:c145,c256,c512,c768 tcontext=u:object_r:proc_zoneinfo:s0 tclass=file permissive=0
audit(1642389745.244:95): avc:  denied  { read } for  pid=11359 comm="AppInit6" name="zoneinfo" dev="proc" ino=4026532146 scontext=u:r:untrusted_app:s0:c145,c256,c512,c768 tcontext=u:object_r:proc_zoneinfo:s0 tclass=file permissive=0
audit(1642389746.244:96): avc:  denied  { read } for  pid=11359 comm="AppInit6" name="zoneinfo" dev="proc" ino=4026532146 scontext=u:r:untrusted_app:s0:c145,c256,c512,c768 tcontext=u:object_r:proc_zoneinfo:s0 tclass=file permissive=0
audit(1642389747.244:97): avc:  denied  { read } for  pid=11359 comm="AppInit6" name="zoneinfo" dev="proc" ino=4026532146 scontext=u:r:untrusted_app:s0:c145,c256,c512,c768 tcontext=u:object_r:proc_zoneinfo:s0 tclass=file permissive=0
audit(1642389748.244:98): avc:  denied  { read } for  pid=11359 comm="AppInit6" name="zoneinfo" dev="proc" ino=4026532146 scontext=u:r:untrusted_app:s0:c145,c256,c512,c768 tcontext=u:object_r:proc_zoneinfo:s0 tclass=file permissive=0
audit(1642389748.754:99): avc:  denied  { read } for  pid=11359 comm="CombinedTP2" name="stats" dev="proc" ino=4026532783 scontext=u:r:untrusted_app:s0:c145,c256,c512,c768 tcontext=u:object_r:proc_qtaguid_stat:s0 tclass=file permissive=0
audit(1642389749.254:100): avc:  denied  { read } for  pid=11359 comm="AppInit6" name="zoneinfo" dev="proc" ino=4026532146 scontext=u:r:untrusted_app:s0:c145,c256,c512,c768 tcontext=u:object_r:proc_zoneinfo:s0 tclass=file permissive=0
audit(1642389750.254:101): avc:  denied  { read } for  pid=11359 comm="AppInit6" name="zoneinfo" dev="proc" ino=4026532146 scontext=u:r:untrusted_app:s0:c145,c256,c512,c768 tcontext=u:object_r:proc_zoneinfo:s0 tclass=file permissive=0
audit(1642389751.254:102): avc:  denied  { read } for  pid=11359 comm="AppInit6" name="zoneinfo" dev="proc" ino=4026532146 scontext=u:r:untrusted_app:s0:c145,c256,c512,c768 tcontext=u:object_r:proc_zoneinfo:s0 tclass=file permissive=0
audit(1642389752.254:103): avc:  denied  { read } for  pid=11359 comm="AppInit6" name="zoneinfo" dev="proc" ino=4026532146 scontext=u:r:untrusted_app:s0:c145,c256,c512,c768 tcontext=u:object_r:proc_zoneinfo:s0 tclass=file permissive=0
audit(1642389753.254:104): avc:  denied  { read } for  pid=11359 comm="AppInit6" name="zoneinfo" dev="proc" ino=4026532146 scontext=u:r:untrusted_app:s0:c145,c256,c512,c768 tcontext=u:object_r:proc_zoneinfo:s0 tclass=file permissive=0
audit(1642389753.874:105): avc:  denied  { search } for  pid=5112 comm="Binder:5112_4" name="vendor" dev="tmpfs" ino=21512 scontext=u:r:priv_app:s0:c512,c768 tcontext=u:object_r:mnt_vendor_file:s0 tclass=dir permissive=0
audit(1642389753.874:106): avc:  denied  { getattr } for  pid=5112 comm="Binder:5112_4" name="/" dev="sda15" ino=1 scontext=u:r:priv_app:s0:c512,c768 tcontext=u:object_r:firmware_file:s0 tclass=filesystem permissive=0
audit(1642389753.874:107): avc:  denied  { getattr } for  pid=5112 comm="Binder:5112_4" name="/" dev="sda16" ino=1 scontext=u:r:priv_app:s0:c512,c768 tcontext=u:object_r:firmware_file:s0 tclass=filesystem permissive=0
audit(1642389757.954:108): avc:  denied  { read } for  pid=11581 comm="dumpstate" name="vnswap0" dev="sysfs" ino=45808 scontext=u:r:dumpstate:s0 tcontext=u:object_r:sysfs_vnswap:s0 tclass=lnk_file permissive=0
avc:  denied  { find } for interface=android.hidl.base::IBase sid=u:r:dumpstate:s0 pid=13346 scontext=u:r:dumpstate:s0 tcontext=u:object_r:hidl_base_hwservice:s0 tclass=hwservice_manager permissive=0
avc:  denied  { find } for interface=android.hidl.base::IBase sid=u:r:dumpstate:s0 pid=13346 scontext=u:r:dumpstate:s0 tcontext=u:object_r:hidl_base_hwservice:s0 tclass=hwservice_manager permissive=0
avc:  denied  { find } for interface=android.hidl.base::IBase sid=u:r:dumpstate:s0 pid=13346 scontext=u:r:dumpstate:s0 tcontext=u:object_r:hidl_base_hwservice:s0 tclass=hwservice_manager permissive=0
avc:  denied  { find } for interface=android.hidl.base::IBase sid=u:r:dumpstate:s0 pid=13346 scontext=u:r:dumpstate:s0 tcontext=u:object_r:hidl_base_hwservice:s0 tclass=hwservice_manager permissive=0
avc:  denied  { find } for interface=android.hidl.base::IBase sid=u:r:dumpstate:s0 pid=13346 scontext=u:r:dumpstate:s0 tcontext=u:object_r:hidl_base_hwservice:s0 tclass=hwservice_manager permissive=0
avc:  denied  { find } for interface=android.hidl.base::IBase sid=u:r:dumpstate:s0 pid=13346 scontext=u:r:dumpstate:s0 tcontext=u:object_r:hidl_base_hwservice:s0 tclass=hwservice_manager permissive=0
avc:  denied  { find } for interface=android.hidl.base::IBase sid=u:r:dumpstate:s0 pid=13346 scontext=u:r:dumpstate:s0 tcontext=u:object_r:hidl_base_hwservice:s0 tclass=hwservice_manager permissive=0
avc:  denied  { find } for interface=android.hidl.base::IBase sid=u:r:dumpstate:s0 pid=13346 scontext=u:r:dumpstate:s0 tcontext=u:object_r:hidl_base_hwservice:s0 tclass=hwservice_manager permissive=0
avc:  denied  { find } for interface=android.hidl.base::IBase sid=u:r:dumpstate:s0 pid=13346 scontext=u:r:dumpstate:s0 tcontext=u:object_r:hidl_base_hwservice:s0 tclass=hwservice_manager permissive=0
avc:  denied  { find } for interface=android.hidl.base::IBase sid=u:r:dumpstate:s0 pid=13346 scontext=u:r:dumpstate:s0 tcontext=u:object_r:hidl_base_hwservice:s0 tclass=hwservice_manager permissive=0
avc:  denied  { find } for interface=android.hidl.base::IBase sid=u:r:dumpstate:s0 pid=13346 scontext=u:r:dumpstate:s0 tcontext=u:object_r:hidl_base_hwservice:s0 tclass=hwservice_manager permissive=0
audit(1642389761.464:109): avc:  denied  { read write } for  pid=13346 comm="lshal" path="socket:[167889]" dev="sockfs" ino=167889 scontext=u:r:hal_configstore_default:s0 tcontext=u:r:dumpstate:s0 tclass=unix_stream_socket permissive=0
audit(1642389761.474:110): avc:  denied  { read write } for  pid=13346 comm="lshal" path="socket:[167892]" dev="sockfs" ino=167892 scontext=u:r:hal_configstore_default:s0 tcontext=u:r:dumpstate:s0 tclass=unix_stream_socket permissive=0
avc:  denied  { find } for interface=android.hidl.base::IBase sid=u:r:dumpstate:s0 pid=13346 scontext=u:r:dumpstate:s0 tcontext=u:object_r:hidl_base_hwservice:s0 tclass=hwservice_manager permissive=0
avc:  denied  { find } for interface=android.hidl.base::IBase sid=u:r:dumpstate:s0 pid=13346 scontext=u:r:dumpstate:s0 tcontext=u:object_r:hidl_base_hwservice:s0 tclass=hwservice_manager permissive=0
avc:  denied  { find } for interface=android.hidl.base::IBase sid=u:r:dumpstate:s0 pid=13346 scontext=u:r:dumpstate:s0 tcontext=u:object_r:hidl_base_hwservice:s0 tclass=hwservice_manager permissive=0
avc:  denied  { find } for interface=android.hidl.base::IBase sid=u:r:dumpstate:s0 pid=13346 scontext=u:r:dumpstate:s0 tcontext=u:object_r:hidl_base_hwservice:s0 tclass=hwservice_manager permissive=0
avc:  denied  { find } for interface=android.hidl.base::IBase sid=u:r:dumpstate:s0 pid=13346 scontext=u:r:dumpstate:s0 tcontext=u:object_r:hidl_base_hwservice:s0 tclass=hwservice_manager permissive=0
avc:  denied  { find } for interface=android.hidl.base::IBase sid=u:r:dumpstate:s0 pid=13346 scontext=u:r:dumpstate:s0 tcontext=u:object_r:hidl_base_hwservice:s0 tclass=hwservice_manager permissive=0
avc:  denied  { find } for interface=android.hidl.base::IBase sid=u:r:dumpstate:s0 pid=13346 scontext=u:r:dumpstate:s0 tcontext=u:object_r:hidl_base_hwservice:s0 tclass=hwservice_manager permissive=0
avc:  denied  { find } for interface=android.hidl.base::IBase sid=u:r:dumpstate:s0 pid=13346 scontext=u:r:dumpstate:s0 tcontext=u:object_r:hidl_base_hwservice:s0 tclass=hwservice_manager permissive=0
avc:  denied  { find } for interface=android.hidl.base::IBase sid=u:r:dumpstate:s0 pid=13346 scontext=u:r:dumpstate:s0 tcontext=u:object_r:hidl_base_hwservice:s0 tclass=hwservice_manager permissive=0
avc:  denied  { find } for interface=android.hidl.base::IBase sid=u:r:dumpstate:s0 pid=13346 scontext=u:r:dumpstate:s0 tcontext=u:object_r:hidl_base_hwservice:s0 tclass=hwservice_manager permissive=0
avc:  denied  { find } for interface=android.hidl.base::IBase sid=u:r:dumpstate:s0 pid=13346 scontext=u:r:dumpstate:s0 tcontext=u:object_r:hidl_base_hwservice:s0 tclass=hwservice_manager permissive=0
audit(1642389761.594:111): avc:  denied  { use } for  pid=13346 comm="lshal" path="socket:[174281]" dev="sockfs" ino=174281 scontext=u:r:hal_perf_default:s0 tcontext=u:r:dumpstate:s0 tclass=fd permissive=0
audit(1642389763.754:112): avc:  denied  { search } for  pid=5112 comm="IntentService[D" name="vendor" dev="tmpfs" ino=21512 scontext=u:r:priv_app:s0:c512,c768 tcontext=u:object_r:mnt_vendor_file:s0 tclass=dir permissive=0
audit(1642389763.754:113): avc:  denied  { getattr } for  pid=5112 comm="IntentService[D" name="/" dev="sda15" ino=1 scontext=u:r:priv_app:s0:c512,c768 tcontext=u:object_r:firmware_file:s0 tclass=filesystem permissive=0
audit(1642389763.754:114): avc:  denied  { getattr } for  pid=5112 comm="IntentService[D" name="/" dev="sda16" ino=1 scontext=u:r:priv_app:s0:c512,c768 tcontext=u:object_r:firmware_file:s0 tclass=filesystem permissive=0
audit(1642389763.874:115): avc:  denied  { search } for  pid=5112 comm="Binder:5112_4" name="vendor" dev="tmpfs" ino=21512 scontext=u:r:priv_app:s0:c512,c768 tcontext=u:object_r:mnt_vendor_file:s0 tclass=dir permissive=0
audit(1642389763.874:116): avc:  denied  { getattr } for  pid=5112 comm="Binder:5112_4" name="/" dev="sda15" ino=1 scontext=u:r:priv_app:s0:c512,c768 tcontext=u:object_r:firmware_file:s0 tclass=filesystem permissive=0
audit(1642389763.874:117): avc:  denied  { getattr } for  pid=5112 comm="Binder:5112_4" name="/" dev="sda16" ino=1 scontext=u:r:priv_app:s0:c512,c768 tcontext=u:object_r:firmware_file:s0 tclass=filesystem permissive=0
audit(1642389789.634:118): avc:  denied  { read } for  pid=11581 comm="dumpstate" name="dirty_background_bytes" dev="proc" ino=191575 scontext=u:r:dumpstate:s0 tcontext=u:object_r:proc:s0 tclass=file permissive=0
audit(1642389789.634:119): avc:  denied  { read } for  pid=11581 comm="dumpstate" name="dirty_bytes" dev="proc" ino=191577 scontext=u:r:dumpstate:s0 tcontext=u:object_r:proc:s0 tclass=file permissive=0
audit(1642389789.664:120): avc:  denied  { search } for  pid=14192 comm="df" name="vendor" dev="tmpfs" ino=21512 scontext=u:r:dumpstate:s0 tcontext=u:object_r:mnt_vendor_file:s0 tclass=dir permissive=0
audit(1642389789.664:121): avc:  denied  { search } for  pid=14192 comm="df" name="vendor" dev="tmpfs" ino=21512 scontext=u:r:dumpstate:s0 tcontext=u:object_r:mnt_vendor_file:s0 tclass=dir permissive=0
audit(1642389789.694:122): avc:  denied  { search } for  pid=14193 comm="df" name="vendor" dev="tmpfs" ino=21512 scontext=u:r:dumpstate:s0 tcontext=u:object_r:mnt_vendor_file:s0 tclass=dir permissive=0
audit(1642389789.694:123): avc:  denied  { search } for  pid=14193 comm="df" name="vendor" dev="tmpfs" ino=21512 scontext=u:r:dumpstate:s0 tcontext=u:object_r:mnt_vendor_file:s0 tclass=dir permissive=0
audit(1642389790.174:124): avc:  denied  { write } for  pid=14218 comm="ng.android.lool" name="com.samsung.android.lool-FwniMpsJDEWnVZOv45mRMg==" dev="dm-1" ino=328190 scontext=u:r:system_app:s0 tcontext=u:object_r:apk_data_file:s0 tclass=dir permissive=0
audit(1642389790.174:125): avc:  denied  { write } for  pid=14218 comm="ng.android.lool" name="com.samsung.android.lool-FwniMpsJDEWnVZOv45mRMg==" dev="dm-1" ino=328190 scontext=u:r:system_app:s0 tcontext=u:object_r:apk_data_file:s0 tclass=dir permissive=0
audit(1642389790.424:126): avc:  denied  { write } for  pid=14289 comm="oid.sm.provider" name="com.samsung.android.lool-FwniMpsJDEWnVZOv45mRMg==" dev="dm-1" ino=328190 scontext=u:r:system_app:s0 tcontext=u:object_r:apk_data_file:s0 tclass=dir permissive=0
audit(1642389790.424:127): avc:  denied  { write } for  pid=14289 comm="oid.sm.provider" name="com.samsung.android.lool-FwniMpsJDEWnVZOv45mRMg==" dev="dm-1" ino=328190 scontext=u:r:system_app:s0 tcontext=u:object_r:apk_data_file:s0 tclass=dir permissive=0
avc:  denied  { find } for interface=android.hardware.memtrack::IMemtrack sid=u:r:priv_app:s0:c512,c768 pid=3126 scontext=u:r:priv_app:s0:c512,c768 tcontext=u:object_r:hal_memtrack_hwservice:s0 tclass=hwservice_manager permissive=0
avc:  denied  { find } for interface=android.hardware.memtrack::IMemtrack sid=u:r:priv_app:s0:c512,c768 pid=3126 scontext=u:r:priv_app:s0:c512,c768 tcontext=u:object_r:hal_memtrack_hwservice:s0 tclass=hwservice_manager permissive=0
avc:  denied  { find } for interface=android.hardware.memtrack::IMemtrack sid=u:r:priv_app:s0:c512,c768 pid=3126 scontext=u:r:priv_app:s0:c512,c768 tcontext=u:object_r:hal_memtrack_hwservice:s0 tclass=hwservice_manager permissive=0
avc:  denied  { find } for interface=android.hardware.memtrack::IMemtrack sid=u:r:priv_app:s0:c512,c768 pid=2593 scontext=u:r:priv_app:s0:c512,c768 tcontext=u:object_r:hal_memtrack_hwservice:s0 tclass=hwservice_manager permissive=0
avc:  denied  { find } for interface=android.hardware.memtrack::IMemtrack sid=u:r:priv_app:s0:c512,c768 pid=2593 scontext=u:r:priv_app:s0:c512,c768 tcontext=u:object_r:hal_memtrack_hwservice:s0 tclass=hwservice_manager permissive=0
avc:  denied  { find } for interface=android.hardware.memtrack::IMemtrack sid=u:r:priv_app:s0:c512,c768 pid=2593 scontext=u:r:priv_app:s0:c512,c768 tcontext=u:object_r:hal_memtrack_hwservice:s0 tclass=hwservice_manager permissive=0
avc:  denied  { find } for interface=android.hardware.memtrack::IMemtrack sid=u:r:priv_app:s0:c512,c768 pid=5112 scontext=u:r:priv_app:s0:c512,c768 tcontext=u:object_r:hal_memtrack_hwservice:s0 tclass=hwservice_manager permissive=0
avc:  denied  { find } for interface=android.hardware.memtrack::IMemtrack sid=u:r:priv_app:s0:c512,c768 pid=5112 scontext=u:r:priv_app:s0:c512,c768 tcontext=u:object_r:hal_memtrack_hwservice:s0 tclass=hwservice_manager permissive=0
avc:  denied  { find } for interface=android.hardware.memtrack::IMemtrack sid=u:r:priv_app:s0:c512,c768 pid=5112 scontext=u:r:priv_app:s0:c512,c768 tcontext=u:object_r:hal_memtrack_hwservice:s0 tclass=hwservice_manager permissive=0
audit(1642390134.624:128): avc:  denied  { read } for  pid=16792 comm="dumpstate" name="vnswap0" dev="sysfs" ino=45808 scontext=u:r:dumpstate:s0 tcontext=u:object_r:sysfs_vnswap:s0 tclass=lnk_file permissive=0
avc:  denied  { find } for interface=android.hidl.base::IBase sid=u:r:dumpstate:s0 pid=16954 scontext=u:r:dumpstate:s0 tcontext=u:object_r:hidl_base_hwservice:s0 tclass=hwservice_manager permissive=0
avc:  denied  { find } for interface=android.hidl.base::IBase sid=u:r:dumpstate:s0 pid=16954 scontext=u:r:dumpstate:s0 tcontext=u:object_r:hidl_base_hwservice:s0 tclass=hwservice_manager permissive=0
avc:  denied  { find } for interface=android.hidl.base::IBase sid=u:r:dumpstate:s0 pid=16954 scontext=u:r:dumpstate:s0 tcontext=u:object_r:hidl_base_hwservice:s0 tclass=hwservice_manager permissive=0
avc:  denied  { find } for interface=android.hidl.base::IBase sid=u:r:dumpstate:s0 pid=16954 scontext=u:r:dumpstate:s0 tcontext=u:object_r:hidl_base_hwservice:s0 tclass=hwservice_manager permissive=0
avc:  denied  { find } for interface=android.hidl.base::IBase sid=u:r:dumpstate:s0 pid=16954 scontext=u:r:dumpstate:s0 tcontext=u:object_r:hidl_base_hwservice:s0 tclass=hwservice_manager permissive=0
avc:  denied  { find } for interface=android.hidl.base::IBase sid=u:r:dumpstate:s0 pid=16954 scontext=u:r:dumpstate:s0 tcontext=u:object_r:hidl_base_hwservice:s0 tclass=hwservice_manager permissive=0
avc:  denied  { find } for interface=android.hidl.base::IBase sid=u:r:dumpstate:s0 pid=16954 scontext=u:r:dumpstate:s0 tcontext=u:object_r:hidl_base_hwservice:s0 tclass=hwservice_manager permissive=0
avc:  denied  { find } for interface=android.hidl.base::IBase sid=u:r:dumpstate:s0 pid=16954 scontext=u:r:dumpstate:s0 tcontext=u:object_r:hidl_base_hwservice:s0 tclass=hwservice_manager permissive=0
avc:  denied  { find } for interface=android.hidl.base::IBase sid=u:r:dumpstate:s0 pid=16954 scontext=u:r:dumpstate:s0 tcontext=u:object_r:hidl_base_hwservice:s0 tclass=hwservice_manager permissive=0
avc:  denied  { find } for interface=android.hidl.base::IBase sid=u:r:dumpstate:s0 pid=16954 scontext=u:r:dumpstate:s0 tcontext=u:object_r:hidl_base_hwservice:s0 tclass=hwservice_manager permissive=0
avc:  denied  { find } for interface=android.hidl.base::IBase sid=u:r:dumpstate:s0 pid=16954 scontext=u:r:dumpstate:s0 tcontext=u:object_r:hidl_base_hwservice:s0 tclass=hwservice_manager permissive=0
audit(1642390137.644:129): avc:  denied  { read write } for  pid=17378 comm="lshal" path="socket:[281324]" dev="sockfs" ino=281324 scontext=u:r:hal_configstore_default:s0 tcontext=u:r:dumpstate:s0 tclass=unix_stream_socket permissive=0
avc:  denied  { find } for interface=android.hidl.base::IBase sid=u:r:dumpstate:s0 pid=17469 scontext=u:r:dumpstate:s0 tcontext=u:object_r:hidl_base_hwservice:s0 tclass=hwservice_manager permissive=0
avc:  denied  { find } for interface=android.hidl.base::IBase sid=u:r:dumpstate:s0 pid=17470 scontext=u:r:dumpstate:s0 tcontext=u:object_r:hidl_base_hwservice:s0 tclass=hwservice_manager permissive=0
avc:  denied  { find } for interface=android.hidl.base::IBase sid=u:r:dumpstate:s0 pid=17471 scontext=u:r:dumpstate:s0 tcontext=u:object_r:hidl_base_hwservice:s0 tclass=hwservice_manager permissive=0
avc:  denied  { find } for interface=android.hidl.base::IBase sid=u:r:dumpstate:s0 pid=17472 scontext=u:r:dumpstate:s0 tcontext=u:object_r:hidl_base_hwservice:s0 tclass=hwservice_manager permissive=0
avc:  denied  { find } for interface=android.hidl.base::IBase sid=u:r:dumpstate:s0 pid=17473 scontext=u:r:dumpstate:s0 tcontext=u:object_r:hidl_base_hwservice:s0 tclass=hwservice_manager permissive=0
avc:  denied  { find } for interface=android.hidl.base::IBase sid=u:r:dumpstate:s0 pid=17474 scontext=u:r:dumpstate:s0 tcontext=u:object_r:hidl_base_hwservice:s0 tclass=hwservice_manager permissive=0
avc:  denied  { find } for interface=android.hidl.base::IBase sid=u:r:dumpstate:s0 pid=17475 scontext=u:r:dumpstate:s0 tcontext=u:object_r:hidl_base_hwservice:s0 tclass=hwservice_manager permissive=0
avc:  denied  { find } for interface=android.hidl.base::IBase sid=u:r:dumpstate:s0 pid=17476 scontext=u:r:dumpstate:s0 tcontext=u:object_r:hidl_base_hwservice:s0 tclass=hwservice_manager permissive=0
avc:  denied  { find } for interface=android.hidl.base::IBase sid=u:r:dumpstate:s0 pid=17477 scontext=u:r:dumpstate:s0 tcontext=u:object_r:hidl_base_hwservice:s0 tclass=hwservice_manager permissive=0
avc:  denied  { find } for interface=android.hidl.base::IBase sid=u:r:dumpstate:s0 pid=17478 scontext=u:r:dumpstate:s0 tcontext=u:object_r:hidl_base_hwservice:s0 tclass=hwservice_manager permissive=0
avc:  denied  { find } for interface=android.hidl.base::IBase sid=u:r:dumpstate:s0 pid=17479 scontext=u:r:dumpstate:s0 tcontext=u:object_r:hidl_base_hwservice:s0 tclass=hwservice_manager permissive=0
audit(1642390140.954:130): avc:  denied  { use } for  pid=17507 comm="lshal" path="socket:[284718]" dev="sockfs" ino=284718 scontext=u:r:hal_perf_default:s0 tcontext=u:r:dumpstate:s0 tclass=fd permissive=0
audit(1642390164.224:131): avc:  denied  { read } for  pid=16792 comm="dumpstate" name="dirty_background_bytes" dev="proc" ino=293279 scontext=u:r:dumpstate:s0 tcontext=u:object_r:proc:s0 tclass=file permissive=0
audit(1642390164.224:132): avc:  denied  { read } for  pid=16792 comm="dumpstate" name="dirty_bytes" dev="proc" ino=293281 scontext=u:r:dumpstate:s0 tcontext=u:object_r:proc:s0 tclass=file permissive=0
audit(1642390164.314:133): avc:  denied  { search } for  pid=17920 comm="df" name="vendor" dev="tmpfs" ino=21512 scontext=u:r:dumpstate:s0 tcontext=u:object_r:mnt_vendor_file:s0 tclass=dir permissive=0
audit(1642390164.314:134): avc:  denied  { search } for  pid=17920 comm="df" name="vendor" dev="tmpfs" ino=21512 scontext=u:r:dumpstate:s0 tcontext=u:object_r:mnt_vendor_file:s0 tclass=dir permissive=0
audit(1642390164.334:135): avc:  denied  { search } for  pid=17921 comm="df" name="vendor" dev="tmpfs" ino=21512 scontext=u:r:dumpstate:s0 tcontext=u:object_r:mnt_vendor_file:s0 tclass=dir permissive=0
audit(1642390164.334:136): avc:  denied  { search } for  pid=17921 comm="df" name="vendor" dev="tmpfs" ino=21512 scontext=u:r:dumpstate:s0 tcontext=u:object_r:mnt_vendor_file:s0 tclass=dir permissive=0
audit(1642390164.764:137): avc:  denied  { write } for  pid=17933 comm="ng.android.lool" name="com.samsung.android.lool-FwniMpsJDEWnVZOv45mRMg==" dev="dm-1" ino=328190 scontext=u:r:system_app:s0 tcontext=u:object_r:apk_data_file:s0 tclass=dir permissive=0
audit(1642390164.764:138): avc:  denied  { write } for  pid=17933 comm="ng.android.lool" name="com.samsung.android.lool-FwniMpsJDEWnVZOv45mRMg==" dev="dm-1" ino=328190 scontext=u:r:system_app:s0 tcontext=u:object_r:apk_data_file:s0 tclass=dir permissive=0
audit(1642390164.994:139): avc:  denied  { write } for  pid=18006 comm="oid.sm.provider" name="com.samsung.android.lool-FwniMpsJDEWnVZOv45mRMg==" dev="dm-1" ino=328190 scontext=u:r:system_app:s0 tcontext=u:object_r:apk_data_file:s0 tclass=dir permissive=0
audit(1642390164.994:140): avc:  denied  { write } for  pid=18006 comm="oid.sm.provider" name="com.samsung.android.lool-FwniMpsJDEWnVZOv45mRMg==" dev="dm-1" ino=328190 scontext=u:r:system_app:s0 tcontext=u:object_r:apk_data_file:s0 tclass=dir permissive=0
audit(1642390341.234:141): avc:  denied  { write } for  pid=20397 comm="ng.android.lool" name="com.samsung.android.lool-FwniMpsJDEWnVZOv45mRMg==" dev="dm-1" ino=328190 scontext=u:r:system_app:s0 tcontext=u:object_r:apk_data_file:s0 tclass=dir permissive=0
audit(1642390341.234:142): avc:  denied  { write } for  pid=20397 comm="ng.android.lool" name="com.samsung.android.lool-FwniMpsJDEWnVZOv45mRMg==" dev="dm-1" ino=328190 scontext=u:r:system_app:s0 tcontext=u:object_r:apk_data_file:s0 tclass=dir permissive=0
audit(1642390840.622:143): avc:  denied  { write } for  pid=22822 comm="oid.sm.provider" name="com.samsung.android.lool-FwniMpsJDEWnVZOv45mRMg==" dev="dm-1" ino=328190 scontext=u:r:system_app:s0 tcontext=u:object_r:apk_data_file:s0 tclass=dir permissive=0
audit(1642390840.622:144): avc:  denied  { write } for  pid=22822 comm="oid.sm.provider" name="com.samsung.android.lool-FwniMpsJDEWnVZOv45mRMg==" dev="dm-1" ino=328190 scontext=u:r:system_app:s0 tcontext=u:object_r:apk_data_file:s0 tclass=dir permissive=0
avc:  denied  { find } for service=urspservice pid=22848 uid=10212 scontext=u:r:timeservice_app:s0:c212,c256,c512,c768 tcontext=u:object_r:ursp_service:s0 tclass=service_manager permissive=0
audit(1642390846.912:145): avc:  denied  { write } for  pid=23369 comm="ng.android.lool" name="com.samsung.android.lool-FwniMpsJDEWnVZOv45mRMg==" dev="dm-1" ino=328190 scontext=u:r:system_app:s0 tcontext=u:object_r:apk_data_file:s0 tclass=dir permissive=0
audit(1642390846.912:146): avc:  denied  { write } for  pid=23369 comm="ng.android.lool" name="com.samsung.android.lool-FwniMpsJDEWnVZOv45mRMg==" dev="dm-1" ino=328190 scontext=u:r:system_app:s0 tcontext=u:object_r:apk_data_file:s0 tclass=dir permissive=0
audit(1642391011.870:147): avc:  denied  { write } for  pid=24473 comm="oid.sm.provider" name="com.samsung.android.lool-FwniMpsJDEWnVZOv45mRMg==" dev="dm-1" ino=328190 scontext=u:r:system_app:s0 tcontext=u:object_r:apk_data_file:s0 tclass=dir permissive=0
audit(1642391011.870:148): avc:  denied  { write } for  pid=24473 comm="oid.sm.provider" name="com.samsung.android.lool-FwniMpsJDEWnVZOv45mRMg==" dev="dm-1" ino=328190 scontext=u:r:system_app:s0 tcontext=u:object_r:apk_data_file:s0 tclass=dir permissive=0
audit(1642392404.918:149): avc:  denied  { read } for  pid=24765 comm="facebook.katana" name="zoneinfo" dev="proc" ino=4026532146 scontext=u:r:untrusted_app:s0:c145,c256,c512,c768 tcontext=u:object_r:proc_zoneinfo:s0 tclass=file permissive=0
audit(1642392405.468:150): avc:  denied  { read } for  pid=24765 comm="AppInit2" name="file-nr" dev="proc" ino=397766 scontext=u:r:untrusted_app:s0:c145,c256,c512,c768 tcontext=u:object_r:proc:s0 tclass=file permissive=0
audit(1642392405.468:151): avc:  denied  { read } for  pid=24765 comm="AppInit2" name="zoneinfo" dev="proc" ino=4026532146 scontext=u:r:untrusted_app:s0:c145,c256,c512,c768 tcontext=u:object_r:proc_zoneinfo:s0 tclass=file permissive=0
audit(1642392405.968:152): avc:  denied  { read } for  pid=24765 comm="AppInit2" name="zoneinfo" dev="proc" ino=4026532146 scontext=u:r:untrusted_app:s0:c145,c256,c512,c768 tcontext=u:object_r:proc_zoneinfo:s0 tclass=file permissive=0
audit(1642392406.978:153): avc:  denied  { read } for  pid=24765 comm="AppInit2" name="zoneinfo" dev="proc" ino=4026532146 scontext=u:r:untrusted_app:s0:c145,c256,c512,c768 tcontext=u:object_r:proc_zoneinfo:s0 tclass=file permissive=0
audit(1642392407.978:154): avc:  denied  { read } for  pid=24765 comm="AppInit2" name="zoneinfo" dev="proc" ino=4026532146 scontext=u:r:untrusted_app:s0:c145,c256,c512,c768 tcontext=u:object_r:proc_zoneinfo:s0 tclass=file permissive=0
audit(1642392408.988:155): avc:  denied  { read } for  pid=24765 comm="AppInit2" name="zoneinfo" dev="proc" ino=4026532146 scontext=u:r:untrusted_app:s0:c145,c256,c512,c768 tcontext=u:object_r:proc_zoneinfo:s0 tclass=file permissive=0
audit(1642392409.998:156): avc:  denied  { read } for  pid=24765 comm="AppInit2" name="zoneinfo" dev="proc" ino=4026532146 scontext=u:r:untrusted_app:s0:c145,c256,c512,c768 tcontext=u:object_r:proc_zoneinfo:s0 tclass=file permissive=0
audit(1642392410.428:157): avc:  denied  { read } for  pid=24765 comm="CombinedTP7" name="stats" dev="proc" ino=4026532783 scontext=u:r:untrusted_app:s0:c145,c256,c512,c768 tcontext=u:object_r:proc_qtaguid_stat:s0 tclass=file permissive=0
audit(1642392410.988:158): avc:  denied  { read } for  pid=24765 comm="AppInit2" name="zoneinfo" dev="proc" ino=4026532146 scontext=u:r:untrusted_app:s0:c145,c256,c512,c768 tcontext=u:object_r:proc_zoneinfo:s0 tclass=file permissive=0
audit(1642392411.998:159): avc:  denied  { read } for  pid=24765 comm="AppInit2" name="zoneinfo" dev="proc" ino=4026532146 scontext=u:r:untrusted_app:s0:c145,c256,c512,c768 tcontext=u:object_r:proc_zoneinfo:s0 tclass=file permissive=0
audit(1642392412.998:160): avc:  denied  { read } for  pid=24765 comm="AppInit2" name="zoneinfo" dev="proc" ino=4026532146 scontext=u:r:untrusted_app:s0:c145,c256,c512,c768 tcontext=u:object_r:proc_zoneinfo:s0 tclass=file permissive=0
audit(1642392414.008:161): avc:  denied  { read } for  pid=24765 comm="AppInit2" name="zoneinfo" dev="proc" ino=4026532146 scontext=u:r:untrusted_app:s0:c145,c256,c512,c768 tcontext=u:object_r:proc_zoneinfo:s0 tclass=file permissive=0
audit(1642392415.018:162): avc:  denied  { read } for  pid=24765 comm="AppInit2" name="zoneinfo" dev="proc" ino=4026532146 scontext=u:r:untrusted_app:s0:c145,c256,c512,c768 tcontext=u:object_r:proc_zoneinfo:s0 tclass=file permissive=0
audit(1642393337.799:163): avc:  denied  { search } for  pid=5112 comm="Binder:5112_5" name="vendor" dev="tmpfs" ino=21512 scontext=u:r:priv_app:s0:c512,c768 tcontext=u:object_r:mnt_vendor_file:s0 tclass=dir permissive=0
audit(1642393337.799:164): avc:  denied  { getattr } for  pid=5112 comm="Binder:5112_5" name="/" dev="sda15" ino=1 scontext=u:r:priv_app:s0:c512,c768 tcontext=u:object_r:firmware_file:s0 tclass=filesystem permissive=0
audit(1642393337.799:165): avc:  denied  { getattr } for  pid=5112 comm="Binder:5112_5" name="/" dev="sda16" ino=1 scontext=u:r:priv_app:s0:c512,c768 tcontext=u:object_r:firmware_file:s0 tclass=filesystem permissive=0
avc:  denied  { find } for interface=android.hardware.memtrack::IMemtrack sid=u:r:priv_app:s0:c512,c768 pid=26203 scontext=u:r:priv_app:s0:c512,c768 tcontext=u:object_r:hal_memtrack_hwservice:s0 tclass=hwservice_manager permissive=0
avc:  denied  { find } for interface=android.hardware.memtrack::IMemtrack sid=u:r:priv_app:s0:c512,c768 pid=26203 scontext=u:r:priv_app:s0:c512,c768 tcontext=u:object_r:hal_memtrack_hwservice:s0 tclass=hwservice_manager permissive=0
avc:  denied  { find } for interface=android.hardware.memtrack::IMemtrack sid=u:r:priv_app:s0:c512,c768 pid=26203 scontext=u:r:priv_app:s0:c512,c768 tcontext=u:object_r:hal_memtrack_hwservice:s0 tclass=hwservice_manager permissive=0
audit(1642393880.019:166): avc:  denied  { write } for  pid=27124 comm="oid.sm.provider" name="com.samsung.android.lool-FwniMpsJDEWnVZOv45mRMg==" dev="dm-1" ino=328190 scontext=u:r:system_app:s0 tcontext=u:object_r:apk_data_file:s0 tclass=dir permissive=0
audit(1642393880.029:167): avc:  denied  { write } for  pid=27124 comm="oid.sm.provider" name="com.samsung.android.lool-FwniMpsJDEWnVZOv45mRMg==" dev="dm-1" ino=328190 scontext=u:r:system_app:s0 tcontext=u:object_r:apk_data_file:s0 tclass=dir permissive=0
audit(1642393885.069:168): avc:  denied  { read } for  pid=26995 comm="dumpstate" name="vnswap0" dev="sysfs" ino=45808 scontext=u:r:dumpstate:s0 tcontext=u:object_r:sysfs_vnswap:s0 tclass=lnk_file permissive=0
avc:  denied  { find } for interface=android.hidl.base::IBase sid=u:r:dumpstate:s0 pid=27168 scontext=u:r:dumpstate:s0 tcontext=u:object_r:hidl_base_hwservice:s0 tclass=hwservice_manager permissive=0
avc:  denied  { find } for interface=android.hidl.base::IBase sid=u:r:dumpstate:s0 pid=27168 scontext=u:r:dumpstate:s0 tcontext=u:object_r:hidl_base_hwservice:s0 tclass=hwservice_manager permissive=0
avc:  denied  { find } for interface=android.hidl.base::IBase sid=u:r:dumpstate:s0 pid=27168 scontext=u:r:dumpstate:s0 tcontext=u:object_r:hidl_base_hwservice:s0 tclass=hwservice_manager permissive=0
avc:  denied  { find } for interface=android.hidl.base::IBase sid=u:r:dumpstate:s0 pid=27168 scontext=u:r:dumpstate:s0 tcontext=u:object_r:hidl_base_hwservice:s0 tclass=hwservice_manager permissive=0
avc:  denied  { find } for interface=android.hidl.base::IBase sid=u:r:dumpstate:s0 pid=27168 scontext=u:r:dumpstate:s0 tcontext=u:object_r:hidl_base_hwservice:s0 tclass=hwservice_manager permissive=0
avc:  denied  { find } for interface=android.hidl.base::IBase sid=u:r:dumpstate:s0 pid=27168 scontext=u:r:dumpstate:s0 tcontext=u:object_r:hidl_base_hwservice:s0 tclass=hwservice_manager permissive=0
avc:  denied  { find } for interface=android.hidl.base::IBase sid=u:r:dumpstate:s0 pid=27168 scontext=u:r:dumpstate:s0 tcontext=u:object_r:hidl_base_hwservice:s0 tclass=hwservice_manager permissive=0
avc:  denied  { find } for interface=android.hidl.base::IBase sid=u:r:dumpstate:s0 pid=27168 scontext=u:r:dumpstate:s0 tcontext=u:object_r:hidl_base_hwservice:s0 tclass=hwservice_manager permissive=0
avc:  denied  { find } for interface=android.hidl.base::IBase sid=u:r:dumpstate:s0 pid=27168 scontext=u:r:dumpstate:s0 tcontext=u:object_r:hidl_base_hwservice:s0 tclass=hwservice_manager permissive=0
avc:  denied  { find } for interface=android.hidl.base::IBase sid=u:r:dumpstate:s0 pid=27168 scontext=u:r:dumpstate:s0 tcontext=u:object_r:hidl_base_hwservice:s0 tclass=hwservice_manager permissive=0
avc:  denied  { find } for interface=android.hidl.base::IBase sid=u:r:dumpstate:s0 pid=27168 scontext=u:r:dumpstate:s0 tcontext=u:object_r:hidl_base_hwservice:s0 tclass=hwservice_manager permissive=0
audit(1642393888.349:169): avc:  denied  { read write } for  pid=27168 comm="lshal" path="socket:[467140]" dev="sockfs" ino=467140 scontext=u:r:hal_configstore_default:s0 tcontext=u:r:dumpstate:s0 tclass=unix_stream_socket permissive=0
audit(1642393888.359:170): avc:  denied  { read write } for  pid=27168 comm="lshal" path="socket:[467143]" dev="sockfs" ino=467143 scontext=u:r:hal_configstore_default:s0 tcontext=u:r:dumpstate:s0 tclass=unix_stream_socket permissive=0
avc:  denied  { find } for interface=android.hidl.base::IBase sid=u:r:dumpstate:s0 pid=27168 scontext=u:r:dumpstate:s0 tcontext=u:object_r:hidl_base_hwservice:s0 tclass=hwservice_manager permissive=0
avc:  denied  { find } for interface=android.hidl.base::IBase sid=u:r:dumpstate:s0 pid=27168 scontext=u:r:dumpstate:s0 tcontext=u:object_r:hidl_base_hwservice:s0 tclass=hwservice_manager permissive=0
avc:  denied  { find } for interface=android.hidl.base::IBase sid=u:r:dumpstate:s0 pid=27168 scontext=u:r:dumpstate:s0 tcontext=u:object_r:hidl_base_hwservice:s0 tclass=hwservice_manager permissive=0
avc:  denied  { find } for interface=android.hidl.base::IBase sid=u:r:dumpstate:s0 pid=27168 scontext=u:r:dumpstate:s0 tcontext=u:object_r:hidl_base_hwservice:s0 tclass=hwservice_manager permissive=0
avc:  denied  { find } for interface=android.hidl.base::IBase sid=u:r:dumpstate:s0 pid=27168 scontext=u:r:dumpstate:s0 tcontext=u:object_r:hidl_base_hwservice:s0 tclass=hwservice_manager permissive=0
avc:  denied  { find } for interface=android.hidl.base::IBase sid=u:r:dumpstate:s0 pid=27168 scontext=u:r:dumpstate:s0 tcontext=u:object_r:hidl_base_hwservice:s0 tclass=hwservice_manager permissive=0
avc:  denied  { find } for interface=android.hidl.base::IBase sid=u:r:dumpstate:s0 pid=27168 scontext=u:r:dumpstate:s0 tcontext=u:object_r:hidl_base_hwservice:s0 tclass=hwservice_manager permissive=0
avc:  denied  { find } for interface=android.hidl.base::IBase sid=u:r:dumpstate:s0 pid=27168 scontext=u:r:dumpstate:s0 tcontext=u:object_r:hidl_base_hwservice:s0 tclass=hwservice_manager permissive=0
avc:  denied  { find } for interface=android.hidl.base::IBase sid=u:r:dumpstate:s0 pid=27168 scontext=u:r:dumpstate:s0 tcontext=u:object_r:hidl_base_hwservice:s0 tclass=hwservice_manager permissive=0
avc:  denied  { find } for interface=android.hidl.base::IBase sid=u:r:dumpstate:s0 pid=27168 scontext=u:r:dumpstate:s0 tcontext=u:object_r:hidl_base_hwservice:s0 tclass=hwservice_manager permissive=0
avc:  denied  { find } for interface=android.hidl.base::IBase sid=u:r:dumpstate:s0 pid=27168 scontext=u:r:dumpstate:s0 tcontext=u:object_r:hidl_base_hwservice:s0 tclass=hwservice_manager permissive=0
audit(1642393888.519:171): avc:  denied  { use } for  pid=27168 comm="lshal" path="socket:[436115]" dev="sockfs" ino=436115 scontext=u:r:hal_perf_default:s0 tcontext=u:r:dumpstate:s0 tclass=fd permissive=0
audit(1642393914.959:172): avc:  denied  { read } for  pid=26995 comm="dumpstate" name="dirty_background_bytes" dev="proc" ino=477428 scontext=u:r:dumpstate:s0 tcontext=u:object_r:proc:s0 tclass=file permissive=0
audit(1642393914.959:173): avc:  denied  { read } for  pid=26995 comm="dumpstate" name="dirty_bytes" dev="proc" ino=477430 scontext=u:r:dumpstate:s0 tcontext=u:object_r:proc:s0 tclass=file permissive=0
audit(1642393914.999:174): avc:  denied  { search } for  pid=27803 comm="df" name="vendor" dev="tmpfs" ino=21512 scontext=u:r:dumpstate:s0 tcontext=u:object_r:mnt_vendor_file:s0 tclass=dir permissive=0
audit(1642393914.999:175): avc:  denied  { search } for  pid=27803 comm="df" name="vendor" dev="tmpfs" ino=21512 scontext=u:r:dumpstate:s0 tcontext=u:object_r:mnt_vendor_file:s0 tclass=dir permissive=0
audit(1642393915.019:176): avc:  denied  { search } for  pid=27804 comm="df" name="vendor" dev="tmpfs" ino=21512 scontext=u:r:dumpstate:s0 tcontext=u:object_r:mnt_vendor_file:s0 tclass=dir permissive=0
audit(1642393915.019:177): avc:  denied  { search } for  pid=27804 comm="df" name="vendor" dev="tmpfs" ino=21512 scontext=u:r:dumpstate:s0 tcontext=u:object_r:mnt_vendor_file:s0 tclass=dir permissive=0
audit(1642393915.379:178): avc:  denied  { write } for  pid=27840 comm="ng.android.lool" name="com.samsung.android.lool-FwniMpsJDEWnVZOv45mRMg==" dev="dm-1" ino=328190 scontext=u:r:system_app:s0 tcontext=u:object_r:apk_data_file:s0 tclass=dir permissive=0
audit(1642393915.379:179): avc:  denied  { write } for  pid=27840 comm="ng.android.lool" name="com.samsung.android.lool-FwniMpsJDEWnVZOv45mRMg==" dev="dm-1" ino=328190 scontext=u:r:system_app:s0 tcontext=u:object_r:apk_data_file:s0 tclass=dir permissive=0
