[uj] created at Wed Apr 12 15:03:22 2017
[uj] [S] exec-multi-csc
[uj] [E] exec-multi-csc
[kb] [S] exec-multi-csc
[kb] [E] exec-multi-csc
[ty] [S] exec-multi-csc
[ty] [E] exec-multi-csc
[`c] [S] exec-multi-csc
[`c] [E] exec-multi-csc
[RL] [S] wipe_data
[RL] [S] format_volume_dir : /data
[RL] [S] erase footer
[RL] [E] erase footer
[RL] [E] format_volume_dir : /data
[RL] [S] format_volume_dir : /cache
[RL] [E] format_volume_dir : /cache
[RL] [E] wipe_data (complete)
[RL] [S] exec-multi-csc
[RL] [E] exec-multi-csc
[se] [S] wipe_data
[se] [S] format_volume_dir : /data
[se] [S] erase footer
[se] [E] erase footer
[se] [E] format_volume_dir : /data
[se] [S] format_volume_dir : /cache
[se] [E] format_volume_dir : /cache
[se] [E] wipe_data (complete)
[se] [S] exec-multi-csc
[se] [E] exec-multi-csc
[XM] [S] wipe_data
[XM] [S] format_volume_dir : /data
[XM] [S] erase footer
[XM] [E] erase footer
[XM] [E] format_volume_dir : /data
[XM] [S] format_volume_dir : /cache
[XM] [E] format_volume_dir : /cache
[XM] [E] wipe_data (complete)
[XM] [S] exec-multi-csc
[XM] [E] exec-multi-csc
[Hu] [S] exec-multi-csc
[Hu] [E] exec-multi-csc
[g^] [S] exec-multi-csc
[g^] [E] exec-multi-csc
[sW] [S] exec-multi-csc
[sW] [E] exec-multi-csc
[Ou] [S] exec-multi-csc
[Ou] [E] exec-multi-csc
[Ke] [S] exec-multi-csc
[Ke] [E] exec-multi-csc
[Ko] [S] wipe_data
[Ko] [S] format_volume_dir : /data
[Ko] [S] erase footer
[Ko] [E] erase footer
[Ko] [E] format_volume_dir : /data
[Ko] [S] format_volume_dir : /cache
[Ko] [E] format_volume_dir : /cache
[Ko] [E] wipe_data (complete)
[Ko] [S] exec-multi-csc
[Ko] [E] exec-multi-csc
[Kv] [S] wipe_data
[Kv] [S] format_volume_dir : /data
[Kv] [S] erase footer
[Kv] [E] erase footer
[Kv] [E] format_volume_dir : /data
[Kv] [S] format_volume_dir : /cache
[Kv] [E] format_volume_dir : /cache
[Kv] [E] wipe_data (complete)
[Kv] [S] exec-multi-csc
[Kv] [E] exec-multi-csc
[][] [S] exec-multi-csc
[][] [E] exec-multi-csc
[Ql] [S] wipe_data
[Ql] [S] format_volume_dir : /data
[Ql] [S] erase footer
[Ql] [E] erase footer
[Ql] [E] format_volume_dir : /data
[Ql] [S] format_volume_dir : /cache
[Ql] [E] format_volume_dir : /cache
[Ql] [E] wipe_data (complete)
[Ql] [S] exec-multi-csc
[Ql] [E] exec-multi-csc
[P_] [S] wipe_data
[P_] [S] format_volume_dir : /data
[P_] [S] erase footer
[P_] [E] erase footer
[P_] [E] format_volume_dir : /data
[P_] [S] format_volume_dir : /cache
[P_] [E] format_volume_dir : /cache
[P_] [E] wipe_data (complete)
[P_] [S] exec-multi-csc
[P_] [E] exec-multi-csc
